<?xml version="1.0" encoding="UTF-8"?>
<testng-results ignored="0" total="1" passed="1" failed="0" skipped="0">
  <reporter-output>
  </reporter-output>
  <suite started-at="2021-08-13T09:57:22 IST" name="Default suite" finished-at="2021-08-13T09:59:16 IST" duration-ms="113390">
    <groups>
    </groups>
    <test started-at="2021-08-13T09:57:22 IST" name="Default test" finished-at="2021-08-13T09:59:16 IST" duration-ms="113390">
      <class name="com.exceptionalcasesinstitution.endtoendtest.StuEndToEndTest">
        <test-method signature="ApplicationExceptionalCaseTest()[pri:0, instance:com.exceptionalcasesinstitution.endtoendtest.StuEndToEndTest@33990a0c]" started-at="2021-08-13T09:57:22 IST" name="ApplicationExceptionalCaseTest" finished-at="2021-08-13T09:59:16 IST" duration-ms="113355" status="PASS">
          <reporter-output>
          </reporter-output>
        </test-method> <!-- ApplicationExceptionalCaseTest -->
      </class> <!-- com.exceptionalcasesinstitution.endtoendtest.StuEndToEndTest -->
    </test> <!-- Default test -->
  </suite> <!-- Default suite -->
</testng-results>
